2019-05-02 09:00:52: init
2019-05-02 09:00:52: table: wp_commentmeta segment: 1/1
2019-05-02 09:00:52: table: wp_commentmeta segment: 1/1
2019-05-02 09:00:52: table: wp_comments segment: 1/1
2019-05-02 09:00:52: table: wp_comments segment: 1/1
2019-05-02 09:00:52: table: wp_links segment: 1/1
2019-05-02 09:00:52: table: wp_links segment: 1/1
2019-05-02 09:00:52: table: wp_options segment: 1/2
2019-05-02 09:00:52: table: wp_options segment: 1/2
2019-05-02 09:00:52: table: wp_options segment: 2/2
2019-05-02 09:00:52: table: wp_options segment: 2/2
2019-05-02 09:00:52: table: wp_postmeta segment: 1/10
2019-05-02 09:00:52: table: wp_postmeta segment: 1/10
2019-05-02 09:00:52: table: wp_postmeta segment: 2/10
2019-05-02 09:00:52: table: wp_postmeta segment: 2/10
2019-05-02 09:00:52: table: wp_postmeta segment: 3/10
2019-05-02 09:00:52: table: wp_postmeta segment: 3/10
2019-05-02 09:00:52: table: wp_postmeta segment: 4/10
2019-05-02 09:00:52: table: wp_postmeta segment: 4/10
2019-05-02 09:00:52: table: wp_postmeta segment: 5/10
2019-05-02 09:00:52: table: wp_postmeta segment: 5/10
2019-05-02 09:00:52: table: wp_postmeta segment: 6/10
2019-05-02 09:00:52: table: wp_postmeta segment: 6/10
2019-05-02 09:00:52: table: wp_postmeta segment: 7/10
2019-05-02 09:00:52: table: wp_postmeta segment: 7/10
2019-05-02 09:00:52: table: wp_postmeta segment: 8/10
2019-05-02 09:00:52: table: wp_postmeta segment: 8/10
2019-05-02 09:00:52: table: wp_postmeta segment: 9/10
2019-05-02 09:00:52: table: wp_postmeta segment: 9/10
2019-05-02 09:00:52: table: wp_postmeta segment: 10/10
2019-05-02 09:00:52: table: wp_postmeta segment: 10/10
2019-05-02 09:00:52: table: wp_posts segment: 1/3
2019-05-02 09:00:52: table: wp_posts segment: 1/3
2019-05-02 09:00:52: table: wp_posts segment: 2/3
2019-05-02 09:00:52: table: wp_posts segment: 2/3
2019-05-02 09:00:52: table: wp_posts segment: 3/3
2019-05-02 09:00:52: table: wp_posts segment: 3/3
2019-05-02 09:00:52: table: wp_term_relationships segment: 1/6
2019-05-02 09:00:52: table: wp_term_relationships segment: 1/6
2019-05-02 09:00:52: table: wp_term_relationships segment: 2/6
2019-05-02 09:00:52: table: wp_term_relationships segment: 2/6
2019-05-02 09:00:52: table: wp_term_relationships segment: 3/6
2019-05-02 09:00:52: table: wp_term_relationships segment: 3/6
2019-05-02 09:00:52: table: wp_term_relationships segment: 4/6
2019-05-02 09:00:52: table: wp_term_relationships segment: 4/6
2019-05-02 09:00:52: table: wp_term_relationships segment: 5/6
2019-05-02 09:00:52: table: wp_term_relationships segment: 5/6
2019-05-02 09:00:52: table: wp_term_relationships segment: 6/6
2019-05-02 09:00:52: table: wp_term_relationships segment: 6/6
2019-05-02 09:00:52: table: wp_term_taxonomy segment: 1/2
2019-05-02 09:00:52: table: wp_term_taxonomy segment: 1/2
2019-05-02 09:00:52: table: wp_term_taxonomy segment: 2/2
2019-05-02 09:00:52: table: wp_term_taxonomy segment: 2/2
2019-05-02 09:00:52: table: wp_termmeta segment: 1/1
2019-05-02 09:00:52: table: wp_termmeta segment: 1/1
2019-05-02 09:00:52: table: wp_terms segment: 1/2
2019-05-02 09:00:52: table: wp_terms segment: 1/2
2019-05-02 09:00:52: table: wp_terms segment: 2/2
2019-05-02 09:00:52: table: wp_terms segment: 2/2
2019-05-02 09:00:52: table: wp_usermeta segment: 1/1
2019-05-02 09:00:52: table: wp_usermeta segment: 1/1
2019-05-02 09:00:52: table: wp_users segment: 1/1
2019-05-02 09:00:52: table: wp_users segment: 1/1
2019-05-02 09:00:52: table: wp_2_commentmeta segment: 1/1
2019-05-02 09:00:52: table: wp_2_commentmeta segment: 1/1
2019-05-02 09:00:52: table: wp_2_comments segment: 1/1
2019-05-02 09:00:52: table: wp_2_comments segment: 1/1
2019-05-02 09:00:52: table: wp_2_links segment: 1/1
2019-05-02 09:00:52: table: wp_2_links segment: 1/1
2019-05-02 09:00:52: table: wp_2_options segment: 1/1
2019-05-02 09:00:52: table: wp_2_options segment: 1/1
2019-05-02 09:00:52: table: wp_2_postmeta segment: 1/1
2019-05-02 09:00:52: table: wp_2_postmeta segment: 1/1
2019-05-02 09:00:52: table: wp_2_posts segment: 1/1
2019-05-02 09:00:52: table: wp_2_posts segment: 1/1
2019-05-02 09:00:52: table: wp_2_term_relationships segment: 1/1
2019-05-02 09:00:52: table: wp_2_term_relationships segment: 1/1
2019-05-02 09:00:52: table: wp_2_term_taxonomy segment: 1/1
2019-05-02 09:00:52: table: wp_2_term_taxonomy segment: 1/1
2019-05-02 09:00:52: table: wp_2_termmeta segment: 1/1
2019-05-02 09:00:52: table: wp_2_termmeta segment: 1/1
2019-05-02 09:00:52: table: wp_2_terms segment: 1/1
2019-05-02 09:00:52: table: wp_2_terms segment: 1/1
2019-05-02 09:00:52: table: wp_blog_versions segment: 1/1
2019-05-02 09:00:52: table: wp_blog_versions segment: 1/1
2019-05-02 09:00:52: table: wp_blogs segment: 1/1
2019-05-02 09:00:52: table: wp_blogs segment: 1/1
2019-05-02 09:00:52: table: wp_mailerlite_forms segment: 1/1
2019-05-02 09:00:52: table: wp_mailerlite_forms segment: 1/1
2019-05-02 09:00:52: table: wp_maxbuttons_collections segment: 1/1
2019-05-02 09:00:52: table: wp_maxbuttons_collections segment: 1/1
2019-05-02 09:00:52: table: wp_maxbuttons_collections_trans segment: 1/1
2019-05-02 09:00:52: table: wp_maxbuttons_collections_trans segment: 1/1
2019-05-02 09:00:52: table: wp_maxbuttonsv3 segment: 1/1
2019-05-02 09:00:52: table: wp_maxbuttonsv3 segment: 1/1
2019-05-02 09:00:52: table: wp_metaseo_images segment: 1/1
2019-05-02 09:00:52: table: wp_metaseo_images segment: 1/1
2019-05-02 09:00:52: table: wp_pmxe_exports segment: 1/1
2019-05-02 09:00:52: table: wp_pmxe_exports segment: 1/1
2019-05-02 09:00:53: table: wp_pmxe_google_cats segment: 1/6
2019-05-02 09:00:53: table: wp_pmxe_google_cats segment: 1/6
2019-05-02 09:00:53: table: wp_pmxe_google_cats segment: 2/6
2019-05-02 09:00:53: table: wp_pmxe_google_cats segment: 2/6
2019-05-02 09:00:53: table: wp_pmxe_google_cats segment: 3/6
2019-05-02 09:00:53: table: wp_pmxe_google_cats segment: 3/6
2019-05-02 09:00:53: table: wp_pmxe_google_cats segment: 4/6
2019-05-02 09:00:53: table: wp_pmxe_google_cats segment: 4/6
2019-05-02 09:00:53: table: wp_pmxe_google_cats segment: 5/6
2019-05-02 09:00:53: table: wp_pmxe_google_cats segment: 5/6
2019-05-02 09:00:53: table: wp_pmxe_google_cats segment: 6/6
2019-05-02 09:00:53: table: wp_pmxe_google_cats segment: 6/6
2019-05-02 09:00:53: table: wp_pmxe_posts segment: 1/2
2019-05-02 09:00:53: table: wp_pmxe_posts segment: 1/2
2019-05-02 09:00:53: table: wp_pmxe_posts segment: 2/2
2019-05-02 09:00:53: table: wp_pmxe_posts segment: 2/2
2019-05-02 09:00:53: table: wp_pmxe_templates segment: 1/1
2019-05-02 09:00:53: table: wp_pmxe_templates segment: 1/1
2019-05-02 09:00:53: table: wp_registration_log segment: 1/1
2019-05-02 09:00:53: table: wp_registration_log segment: 1/1
2019-05-02 09:00:53: table: wp_signups segment: 1/1
2019-05-02 09:00:53: table: wp_signups segment: 1/1
2019-05-02 09:00:53: table: wp_site segment: 1/1
2019-05-02 09:00:53: table: wp_site segment: 1/1
2019-05-02 09:00:53: table: wp_sitemeta segment: 1/1
2019-05-02 09:00:53: table: wp_sitemeta segment: 1/1
2019-05-02 09:00:53: table: wp_wpms_links segment: 1/3
2019-05-02 09:00:53: table: wp_wpms_links segment: 1/3
2019-05-02 09:00:53: table: wp_wpms_links segment: 2/3
2019-05-02 09:00:53: table: wp_wpms_links segment: 2/3
2019-05-02 09:00:53: table: wp_wpms_links segment: 3/3
2019-05-02 09:00:53: table: wp_wpms_links segment: 3/3
2019-05-02 09:00:53: file: non selected
2019-05-02 09:00:53: backupZipFolder[]
2019-05-02 09:00:53: rename: backupZipFile[/home/gondolat/domains/adlibrum.hu/public_html/wp-content/uploads/snapshots/_backup/1463642790/snapshot-backup.zip] backupZipFileFinal[/home/gondolat/domains/adlibrum.hu/public_html/wp-content/uploads/snapshots/snapshot-1463642790-190502-080052-05188c35.zip]
2019-05-02 09:00:53: memory limit: 512M: memory usage current: 73,25 MB: memory usage peak: 78,25 MB
2019-05-02 09:00:53: finish: snapshot-1463642790-190502-080052-05188c35.zip
2019-05-02 09:00:53: archive cleanup: max archive:20 number of archives: 21
2019-05-02 09:00:53: archive cleanup: DEBUG :/home/gondolat/domains/adlibrum.hu/public_html/wp-content/uploads/snapshots
2019-05-02 09:00:53: DEBUG: backupFile=[/home/gondolat/domains/adlibrum.hu/public_html/wp-content/uploads/snapshots/snapshot-1463642790-190422-080029-8024221c.zip]
2019-05-02 09:00:53: archive cleanup: filename: wp-content/uploads/snapshots/snapshot-1463642790-190422-080029-8024221c.zip removed
2019-05-02 09:00:53: Sending Archive: snapshot-1463642790-190502-080052-05188c35.zip 2,16 MB
2019-05-02 09:00:53: Destination: google-drive: Shared Archív/adlibrum.hu backup
2019-05-02 09:00:53: Connecting to Google Drive
2019-05-02 09:00:53: Sending file to directory: 0B05oL9lXnnKxUXRVMi1rbWhhRmM
2019-05-02 09:00:54: progeess: 46.21%
2019-05-02 09:00:54: progeess: 92.42%
2019-05-02 09:00:56: progeess: 100.00%
2019-05-02 09:00:56: Send file success: snapshot-1463642790-190502-080052-05188c35.zip
2019-05-02 09:00:56: Google Drive File ID[1d9gP9wrEIOD_1i36rkcIfXzHuTz84WNG] Link: https://www.googleapis.com/drive/v2/files/1d9gP9wrEIOD_1i36rkcIfXzHuTz84WNG
