2020-05-04 09:00:28: init
2020-05-04 09:00:28: table: wp_commentmeta segment: 1/1
2020-05-04 09:00:28: table: wp_commentmeta segment: 1/1
2020-05-04 09:00:28: table: wp_comments segment: 1/1
2020-05-04 09:00:28: table: wp_comments segment: 1/1
2020-05-04 09:00:28: table: wp_links segment: 1/1
2020-05-04 09:00:28: table: wp_links segment: 1/1
2020-05-04 09:00:28: table: wp_options segment: 1/1
2020-05-04 09:00:28: table: wp_options segment: 1/1
2020-05-04 09:00:30: table: wp_postmeta segment: 1/11
2020-05-04 09:00:30: table: wp_postmeta segment: 1/11
2020-05-04 09:00:30: table: wp_postmeta segment: 2/11
2020-05-04 09:00:30: table: wp_postmeta segment: 2/11
2020-05-04 09:00:30: table: wp_postmeta segment: 3/11
2020-05-04 09:00:30: table: wp_postmeta segment: 3/11
2020-05-04 09:00:30: table: wp_postmeta segment: 4/11
2020-05-04 09:00:30: table: wp_postmeta segment: 4/11
2020-05-04 09:00:30: table: wp_postmeta segment: 5/11
2020-05-04 09:00:30: table: wp_postmeta segment: 5/11
2020-05-04 09:00:30: table: wp_postmeta segment: 6/11
2020-05-04 09:00:30: table: wp_postmeta segment: 6/11
2020-05-04 09:00:30: table: wp_postmeta segment: 7/11
2020-05-04 09:00:30: table: wp_postmeta segment: 7/11
2020-05-04 09:00:30: table: wp_postmeta segment: 8/11
2020-05-04 09:00:30: table: wp_postmeta segment: 8/11
2020-05-04 09:00:30: table: wp_postmeta segment: 9/11
2020-05-04 09:00:30: table: wp_postmeta segment: 9/11
2020-05-04 09:00:30: table: wp_postmeta segment: 10/11
2020-05-04 09:00:30: table: wp_postmeta segment: 10/11
2020-05-04 09:00:30: table: wp_postmeta segment: 11/11
2020-05-04 09:00:30: table: wp_postmeta segment: 11/11
2020-05-04 09:00:31: table: wp_posts segment: 1/3
2020-05-04 09:00:31: table: wp_posts segment: 1/3
2020-05-04 09:00:31: table: wp_posts segment: 2/3
2020-05-04 09:00:31: table: wp_posts segment: 2/3
2020-05-04 09:00:31: table: wp_posts segment: 3/3
2020-05-04 09:00:31: table: wp_posts segment: 3/3
2020-05-04 09:00:31: table: wp_term_relationships segment: 1/6
2020-05-04 09:00:31: table: wp_term_relationships segment: 1/6
2020-05-04 09:00:31: table: wp_term_relationships segment: 2/6
2020-05-04 09:00:31: table: wp_term_relationships segment: 2/6
2020-05-04 09:00:31: table: wp_term_relationships segment: 3/6
2020-05-04 09:00:31: table: wp_term_relationships segment: 3/6
2020-05-04 09:00:31: table: wp_term_relationships segment: 4/6
2020-05-04 09:00:31: table: wp_term_relationships segment: 4/6
2020-05-04 09:00:31: table: wp_term_relationships segment: 5/6
2020-05-04 09:00:31: table: wp_term_relationships segment: 5/6
2020-05-04 09:00:31: table: wp_term_relationships segment: 6/6
2020-05-04 09:00:31: table: wp_term_relationships segment: 6/6
2020-05-04 09:00:31: table: wp_term_taxonomy segment: 1/2
2020-05-04 09:00:31: table: wp_term_taxonomy segment: 1/2
2020-05-04 09:00:31: table: wp_term_taxonomy segment: 2/2
2020-05-04 09:00:31: table: wp_term_taxonomy segment: 2/2
2020-05-04 09:00:31: table: wp_termmeta segment: 1/1
2020-05-04 09:00:31: table: wp_termmeta segment: 1/1
2020-05-04 09:00:31: table: wp_terms segment: 1/2
2020-05-04 09:00:31: table: wp_terms segment: 1/2
2020-05-04 09:00:31: table: wp_terms segment: 2/2
2020-05-04 09:00:31: table: wp_terms segment: 2/2
2020-05-04 09:00:31: table: wp_usermeta segment: 1/1
2020-05-04 09:00:31: table: wp_usermeta segment: 1/1
2020-05-04 09:00:31: table: wp_users segment: 1/1
2020-05-04 09:00:31: table: wp_users segment: 1/1
2020-05-04 09:00:31: table: wp_2_commentmeta segment: 1/1
2020-05-04 09:00:31: table: wp_2_commentmeta segment: 1/1
2020-05-04 09:00:31: table: wp_2_comments segment: 1/1
2020-05-04 09:00:31: table: wp_2_comments segment: 1/1
2020-05-04 09:00:31: table: wp_2_links segment: 1/1
2020-05-04 09:00:31: table: wp_2_links segment: 1/1
2020-05-04 09:00:31: table: wp_2_options segment: 1/1
2020-05-04 09:00:31: table: wp_2_options segment: 1/1
2020-05-04 09:00:31: table: wp_2_postmeta segment: 1/1
2020-05-04 09:00:31: table: wp_2_postmeta segment: 1/1
2020-05-04 09:00:31: table: wp_2_posts segment: 1/1
2020-05-04 09:00:31: table: wp_2_posts segment: 1/1
2020-05-04 09:00:31: table: wp_2_term_relationships segment: 1/1
2020-05-04 09:00:31: table: wp_2_term_relationships segment: 1/1
2020-05-04 09:00:31: table: wp_2_term_taxonomy segment: 1/1
2020-05-04 09:00:31: table: wp_2_term_taxonomy segment: 1/1
2020-05-04 09:00:31: table: wp_2_termmeta segment: 1/1
2020-05-04 09:00:31: table: wp_2_termmeta segment: 1/1
2020-05-04 09:00:31: table: wp_2_terms segment: 1/1
2020-05-04 09:00:31: table: wp_2_terms segment: 1/1
2020-05-04 09:00:31: table: wp_blog_versions segment: 1/1
2020-05-04 09:00:31: table: wp_blog_versions segment: 1/1
2020-05-04 09:00:31: table: wp_blogs segment: 1/1
2020-05-04 09:00:31: table: wp_blogs segment: 1/1
2020-05-04 09:00:31: table: wp_mailerlite_forms segment: 1/1
2020-05-04 09:00:31: table: wp_mailerlite_forms segment: 1/1
2020-05-04 09:00:31: table: wp_maxbuttons_collections segment: 1/1
2020-05-04 09:00:31: table: wp_maxbuttons_collections segment: 1/1
2020-05-04 09:00:31: table: wp_maxbuttons_collections_trans segment: 1/1
2020-05-04 09:00:31: table: wp_maxbuttons_collections_trans segment: 1/1
2020-05-04 09:00:31: table: wp_maxbuttonsv3 segment: 1/1
2020-05-04 09:00:31: table: wp_maxbuttonsv3 segment: 1/1
2020-05-04 09:00:31: table: wp_metaseo_images segment: 1/1
2020-05-04 09:00:31: table: wp_metaseo_images segment: 1/1
2020-05-04 09:00:31: table: wp_pmxe_exports segment: 1/1
2020-05-04 09:00:31: table: wp_pmxe_exports segment: 1/1
2020-05-04 09:00:31: table: wp_pmxe_google_cats segment: 1/6
2020-05-04 09:00:31: table: wp_pmxe_google_cats segment: 1/6
2020-05-04 09:00:32: table: wp_pmxe_google_cats segment: 2/6
2020-05-04 09:00:32: table: wp_pmxe_google_cats segment: 2/6
2020-05-04 09:00:32: table: wp_pmxe_google_cats segment: 3/6
2020-05-04 09:00:32: table: wp_pmxe_google_cats segment: 3/6
2020-05-04 09:00:32: table: wp_pmxe_google_cats segment: 4/6
2020-05-04 09:00:32: table: wp_pmxe_google_cats segment: 4/6
2020-05-04 09:00:32: table: wp_pmxe_google_cats segment: 5/6
2020-05-04 09:00:32: table: wp_pmxe_google_cats segment: 5/6
2020-05-04 09:00:32: table: wp_pmxe_google_cats segment: 6/6
2020-05-04 09:00:32: table: wp_pmxe_google_cats segment: 6/6
2020-05-04 09:00:32: table: wp_pmxe_posts segment: 1/2
2020-05-04 09:00:32: table: wp_pmxe_posts segment: 1/2
2020-05-04 09:00:32: table: wp_pmxe_posts segment: 2/2
2020-05-04 09:00:32: table: wp_pmxe_posts segment: 2/2
2020-05-04 09:00:32: table: wp_pmxe_templates segment: 1/1
2020-05-04 09:00:32: table: wp_pmxe_templates segment: 1/1
2020-05-04 09:00:32: table: wp_registration_log segment: 1/1
2020-05-04 09:00:32: table: wp_registration_log segment: 1/1
2020-05-04 09:00:32: table: wp_signups segment: 1/1
2020-05-04 09:00:32: table: wp_signups segment: 1/1
2020-05-04 09:00:32: table: wp_site segment: 1/1
2020-05-04 09:00:32: table: wp_site segment: 1/1
2020-05-04 09:00:32: table: wp_sitemeta segment: 1/1
2020-05-04 09:00:32: table: wp_sitemeta segment: 1/1
2020-05-04 09:00:32: table: wp_smush_dir_images segment: 1/1
2020-05-04 09:00:32: table: wp_smush_dir_images segment: 1/1
2020-05-04 09:00:32: table: wp_wpms_links segment: 1/3
2020-05-04 09:00:32: table: wp_wpms_links segment: 1/3
2020-05-04 09:00:32: table: wp_wpms_links segment: 2/3
2020-05-04 09:00:32: table: wp_wpms_links segment: 2/3
2020-05-04 09:00:32: table: wp_wpms_links segment: 3/3
2020-05-04 09:00:32: table: wp_wpms_links segment: 3/3
2020-05-04 09:00:32: file: non selected
2020-05-04 09:00:32: backupZipFolder[]
2020-05-04 09:00:32: rename: backupZipFile[/var/www/adlibrum.hu/html/wp-content/uploads/snapshots/_backup/1463642790/snapshot-backup.zip] backupZipFileFinal[/var/www/adlibrum.hu/html/wp-content/uploads/snapshots/snapshot-1463642790-200504-080028-cfbead9b.zip]
2020-05-04 09:00:32: memory limit: 256M: memory usage current: 24,00 MB: memory usage peak: 26,00 MB
2020-05-04 09:00:32: finish: snapshot-1463642790-200504-080028-cfbead9b.zip
2020-05-04 09:00:32: archive cleanup: max archive:20 number of archives: 21
2020-05-04 09:00:32: archive cleanup: DEBUG :/var/www/adlibrum.hu/html/wp-content/uploads/snapshots
2020-05-04 09:00:32: DEBUG: backupFile=[/var/www/adlibrum.hu/html/wp-content/uploads/snapshots/snapshot-1463642790-200424-080130-d7bbc2cb.zip]
2020-05-04 09:00:32: archive cleanup: filename: wp-content/uploads/snapshots/snapshot-1463642790-200424-080130-d7bbc2cb.zip removed
2020-05-04 09:00:32: Sending Archive: snapshot-1463642790-200504-080028-cfbead9b.zip 2,22 MB
2020-05-04 09:00:32: Destination: google-drive: Shared Archív/adlibrum.hu backup
2020-05-04 09:00:32: Connecting to Google Drive
2020-05-04 09:00:32: Sending file to directory: 0B05oL9lXnnKxUXRVMi1rbWhhRmM
2020-05-04 09:00:33: progeess: 45.01%
2020-05-04 09:00:33: progeess: 90.01%
2020-05-04 09:00:34: progeess: 100.00%
2020-05-04 09:00:34: Send file success: snapshot-1463642790-200504-080028-cfbead9b.zip
2020-05-04 09:00:34: Google Drive File ID[1ktNmY435tYudKne1cxgAcuAihlfg9LnB] Link: https://www.googleapis.com/drive/v2/files/1ktNmY435tYudKne1cxgAcuAihlfg9LnB
