2020-05-01 09:00:24: init
2020-05-01 09:00:24: table: wp_commentmeta segment: 1/1
2020-05-01 09:00:24: table: wp_commentmeta segment: 1/1
2020-05-01 09:00:24: table: wp_comments segment: 1/1
2020-05-01 09:00:24: table: wp_comments segment: 1/1
2020-05-01 09:00:24: table: wp_links segment: 1/1
2020-05-01 09:00:24: table: wp_links segment: 1/1
2020-05-01 09:00:24: table: wp_options segment: 1/1
2020-05-01 09:00:24: table: wp_options segment: 1/1
2020-05-01 09:00:26: table: wp_postmeta segment: 1/11
2020-05-01 09:00:26: table: wp_postmeta segment: 1/11
2020-05-01 09:00:26: table: wp_postmeta segment: 2/11
2020-05-01 09:00:26: table: wp_postmeta segment: 2/11
2020-05-01 09:00:27: table: wp_postmeta segment: 3/11
2020-05-01 09:00:27: table: wp_postmeta segment: 3/11
2020-05-01 09:00:27: table: wp_postmeta segment: 4/11
2020-05-01 09:00:27: table: wp_postmeta segment: 4/11
2020-05-01 09:00:27: table: wp_postmeta segment: 5/11
2020-05-01 09:00:27: table: wp_postmeta segment: 5/11
2020-05-01 09:00:27: table: wp_postmeta segment: 6/11
2020-05-01 09:00:27: table: wp_postmeta segment: 6/11
2020-05-01 09:00:27: table: wp_postmeta segment: 7/11
2020-05-01 09:00:27: table: wp_postmeta segment: 7/11
2020-05-01 09:00:27: table: wp_postmeta segment: 8/11
2020-05-01 09:00:27: table: wp_postmeta segment: 8/11
2020-05-01 09:00:27: table: wp_postmeta segment: 9/11
2020-05-01 09:00:27: table: wp_postmeta segment: 9/11
2020-05-01 09:00:27: table: wp_postmeta segment: 10/11
2020-05-01 09:00:27: table: wp_postmeta segment: 10/11
2020-05-01 09:00:27: table: wp_postmeta segment: 11/11
2020-05-01 09:00:27: table: wp_postmeta segment: 11/11
2020-05-01 09:00:27: table: wp_posts segment: 1/3
2020-05-01 09:00:27: table: wp_posts segment: 1/3
2020-05-01 09:00:27: table: wp_posts segment: 2/3
2020-05-01 09:00:27: table: wp_posts segment: 2/3
2020-05-01 09:00:27: table: wp_posts segment: 3/3
2020-05-01 09:00:27: table: wp_posts segment: 3/3
2020-05-01 09:00:27: table: wp_term_relationships segment: 1/6
2020-05-01 09:00:27: table: wp_term_relationships segment: 1/6
2020-05-01 09:00:27: table: wp_term_relationships segment: 2/6
2020-05-01 09:00:27: table: wp_term_relationships segment: 2/6
2020-05-01 09:00:27: table: wp_term_relationships segment: 3/6
2020-05-01 09:00:27: table: wp_term_relationships segment: 3/6
2020-05-01 09:00:27: table: wp_term_relationships segment: 4/6
2020-05-01 09:00:27: table: wp_term_relationships segment: 4/6
2020-05-01 09:00:27: table: wp_term_relationships segment: 5/6
2020-05-01 09:00:27: table: wp_term_relationships segment: 5/6
2020-05-01 09:00:27: table: wp_term_relationships segment: 6/6
2020-05-01 09:00:27: table: wp_term_relationships segment: 6/6
2020-05-01 09:00:27: table: wp_term_taxonomy segment: 1/2
2020-05-01 09:00:27: table: wp_term_taxonomy segment: 1/2
2020-05-01 09:00:27: table: wp_term_taxonomy segment: 2/2
2020-05-01 09:00:27: table: wp_term_taxonomy segment: 2/2
2020-05-01 09:00:27: table: wp_termmeta segment: 1/1
2020-05-01 09:00:27: table: wp_termmeta segment: 1/1
2020-05-01 09:00:27: table: wp_terms segment: 1/2
2020-05-01 09:00:27: table: wp_terms segment: 1/2
2020-05-01 09:00:27: table: wp_terms segment: 2/2
2020-05-01 09:00:27: table: wp_terms segment: 2/2
2020-05-01 09:00:27: table: wp_usermeta segment: 1/1
2020-05-01 09:00:27: table: wp_usermeta segment: 1/1
2020-05-01 09:00:27: table: wp_users segment: 1/1
2020-05-01 09:00:27: table: wp_users segment: 1/1
2020-05-01 09:00:27: table: wp_2_commentmeta segment: 1/1
2020-05-01 09:00:27: table: wp_2_commentmeta segment: 1/1
2020-05-01 09:00:27: table: wp_2_comments segment: 1/1
2020-05-01 09:00:27: table: wp_2_comments segment: 1/1
2020-05-01 09:00:27: table: wp_2_links segment: 1/1
2020-05-01 09:00:27: table: wp_2_links segment: 1/1
2020-05-01 09:00:28: table: wp_2_options segment: 1/1
2020-05-01 09:00:28: table: wp_2_options segment: 1/1
2020-05-01 09:00:28: table: wp_2_postmeta segment: 1/1
2020-05-01 09:00:28: table: wp_2_postmeta segment: 1/1
2020-05-01 09:00:28: table: wp_2_posts segment: 1/1
2020-05-01 09:00:28: table: wp_2_posts segment: 1/1
2020-05-01 09:00:28: table: wp_2_term_relationships segment: 1/1
2020-05-01 09:00:28: table: wp_2_term_relationships segment: 1/1
2020-05-01 09:00:28: table: wp_2_term_taxonomy segment: 1/1
2020-05-01 09:00:28: table: wp_2_term_taxonomy segment: 1/1
2020-05-01 09:00:28: table: wp_2_termmeta segment: 1/1
2020-05-01 09:00:28: table: wp_2_termmeta segment: 1/1
2020-05-01 09:00:28: table: wp_2_terms segment: 1/1
2020-05-01 09:00:28: table: wp_2_terms segment: 1/1
2020-05-01 09:00:28: table: wp_blog_versions segment: 1/1
2020-05-01 09:00:28: table: wp_blog_versions segment: 1/1
2020-05-01 09:00:28: table: wp_blogs segment: 1/1
2020-05-01 09:00:28: table: wp_blogs segment: 1/1
2020-05-01 09:00:28: table: wp_mailerlite_forms segment: 1/1
2020-05-01 09:00:28: table: wp_mailerlite_forms segment: 1/1
2020-05-01 09:00:28: table: wp_maxbuttons_collections segment: 1/1
2020-05-01 09:00:28: table: wp_maxbuttons_collections segment: 1/1
2020-05-01 09:00:28: table: wp_maxbuttons_collections_trans segment: 1/1
2020-05-01 09:00:28: table: wp_maxbuttons_collections_trans segment: 1/1
2020-05-01 09:00:28: table: wp_maxbuttonsv3 segment: 1/1
2020-05-01 09:00:28: table: wp_maxbuttonsv3 segment: 1/1
2020-05-01 09:00:28: table: wp_metaseo_images segment: 1/1
2020-05-01 09:00:28: table: wp_metaseo_images segment: 1/1
2020-05-01 09:00:28: table: wp_pmxe_exports segment: 1/1
2020-05-01 09:00:28: table: wp_pmxe_exports segment: 1/1
2020-05-01 09:00:28: table: wp_pmxe_google_cats segment: 1/6
2020-05-01 09:00:28: table: wp_pmxe_google_cats segment: 1/6
2020-05-01 09:00:28: table: wp_pmxe_google_cats segment: 2/6
2020-05-01 09:00:28: table: wp_pmxe_google_cats segment: 2/6
2020-05-01 09:00:28: table: wp_pmxe_google_cats segment: 3/6
2020-05-01 09:00:28: table: wp_pmxe_google_cats segment: 3/6
2020-05-01 09:00:28: table: wp_pmxe_google_cats segment: 4/6
2020-05-01 09:00:28: table: wp_pmxe_google_cats segment: 4/6
2020-05-01 09:00:28: table: wp_pmxe_google_cats segment: 5/6
2020-05-01 09:00:28: table: wp_pmxe_google_cats segment: 5/6
2020-05-01 09:00:28: table: wp_pmxe_google_cats segment: 6/6
2020-05-01 09:00:28: table: wp_pmxe_google_cats segment: 6/6
2020-05-01 09:00:28: table: wp_pmxe_posts segment: 1/2
2020-05-01 09:00:28: table: wp_pmxe_posts segment: 1/2
2020-05-01 09:00:28: table: wp_pmxe_posts segment: 2/2
2020-05-01 09:00:28: table: wp_pmxe_posts segment: 2/2
2020-05-01 09:00:28: table: wp_pmxe_templates segment: 1/1
2020-05-01 09:00:28: table: wp_pmxe_templates segment: 1/1
2020-05-01 09:00:28: table: wp_registration_log segment: 1/1
2020-05-01 09:00:28: table: wp_registration_log segment: 1/1
2020-05-01 09:00:28: table: wp_signups segment: 1/1
2020-05-01 09:00:28: table: wp_signups segment: 1/1
2020-05-01 09:00:28: table: wp_site segment: 1/1
2020-05-01 09:00:28: table: wp_site segment: 1/1
2020-05-01 09:00:28: table: wp_sitemeta segment: 1/1
2020-05-01 09:00:28: table: wp_sitemeta segment: 1/1
2020-05-01 09:00:28: table: wp_smush_dir_images segment: 1/1
2020-05-01 09:00:28: table: wp_smush_dir_images segment: 1/1
2020-05-01 09:00:28: table: wp_wpms_links segment: 1/3
2020-05-01 09:00:28: table: wp_wpms_links segment: 1/3
2020-05-01 09:00:28: table: wp_wpms_links segment: 2/3
2020-05-01 09:00:28: table: wp_wpms_links segment: 2/3
2020-05-01 09:00:28: table: wp_wpms_links segment: 3/3
2020-05-01 09:00:28: table: wp_wpms_links segment: 3/3
2020-05-01 09:00:28: file: non selected
2020-05-01 09:00:28: backupZipFolder[]
2020-05-01 09:00:28: rename: backupZipFile[/var/www/adlibrum.hu/html/wp-content/uploads/snapshots/_backup/1463642790/snapshot-backup.zip] backupZipFileFinal[/var/www/adlibrum.hu/html/wp-content/uploads/snapshots/snapshot-1463642790-200501-080024-681a961b.zip]
2020-05-01 09:00:28: memory limit: 256M: memory usage current: 18,00 MB: memory usage peak: 20,00 MB
2020-05-01 09:00:28: finish: snapshot-1463642790-200501-080024-681a961b.zip
2020-05-01 09:00:28: archive cleanup: max archive:20 number of archives: 21
2020-05-01 09:00:28: archive cleanup: DEBUG :/var/www/adlibrum.hu/html/wp-content/uploads/snapshots
2020-05-01 09:00:28: DEBUG: backupFile=[/var/www/adlibrum.hu/html/wp-content/uploads/snapshots/snapshot-1463642790-200421-080042-46059bbb.zip]
2020-05-01 09:00:28: archive cleanup: filename: wp-content/uploads/snapshots/snapshot-1463642790-200421-080042-46059bbb.zip removed
2020-05-01 09:00:28: Sending Archive: snapshot-1463642790-200501-080024-681a961b.zip 2,22 MB
2020-05-01 09:00:28: Destination: google-drive: Shared Archív/adlibrum.hu backup
2020-05-01 09:00:28: Connecting to Google Drive
2020-05-01 09:00:28: Sending file to directory: 0B05oL9lXnnKxUXRVMi1rbWhhRmM
2020-05-01 09:00:29: progeess: 45.04%
2020-05-01 09:00:29: progeess: 90.08%
2020-05-01 09:00:30: progeess: 100.00%
2020-05-01 09:00:30: Send file success: snapshot-1463642790-200501-080024-681a961b.zip
2020-05-01 09:00:30: Google Drive File ID[1wkxouZ3Ytb5UqSDLOgM7aTdiTUvPUV2m] Link: https://www.googleapis.com/drive/v2/files/1wkxouZ3Ytb5UqSDLOgM7aTdiTUvPUV2m
