2020-05-01 21:00:47: init
2020-05-01 21:00:48: table: wp_commentmeta segment: 1/1
2020-05-01 21:00:48: table: wp_commentmeta segment: 1/1
2020-05-01 21:00:48: table: wp_comments segment: 1/1
2020-05-01 21:00:48: table: wp_comments segment: 1/1
2020-05-01 21:00:48: table: wp_links segment: 1/1
2020-05-01 21:00:48: table: wp_links segment: 1/1
2020-05-01 21:00:48: table: wp_options segment: 1/1
2020-05-01 21:00:48: table: wp_options segment: 1/1
2020-05-01 21:00:50: table: wp_postmeta segment: 1/11
2020-05-01 21:00:50: table: wp_postmeta segment: 1/11
2020-05-01 21:00:50: table: wp_postmeta segment: 2/11
2020-05-01 21:00:50: table: wp_postmeta segment: 2/11
2020-05-01 21:00:50: table: wp_postmeta segment: 3/11
2020-05-01 21:00:50: table: wp_postmeta segment: 3/11
2020-05-01 21:00:50: table: wp_postmeta segment: 4/11
2020-05-01 21:00:50: table: wp_postmeta segment: 4/11
2020-05-01 21:00:50: table: wp_postmeta segment: 5/11
2020-05-01 21:00:50: table: wp_postmeta segment: 5/11
2020-05-01 21:00:50: table: wp_postmeta segment: 6/11
2020-05-01 21:00:50: table: wp_postmeta segment: 6/11
2020-05-01 21:00:50: table: wp_postmeta segment: 7/11
2020-05-01 21:00:50: table: wp_postmeta segment: 7/11
2020-05-01 21:00:50: table: wp_postmeta segment: 8/11
2020-05-01 21:00:50: table: wp_postmeta segment: 8/11
2020-05-01 21:00:50: table: wp_postmeta segment: 9/11
2020-05-01 21:00:50: table: wp_postmeta segment: 9/11
2020-05-01 21:00:50: table: wp_postmeta segment: 10/11
2020-05-01 21:00:50: table: wp_postmeta segment: 10/11
2020-05-01 21:00:50: table: wp_postmeta segment: 11/11
2020-05-01 21:00:50: table: wp_postmeta segment: 11/11
2020-05-01 21:00:50: table: wp_posts segment: 1/3
2020-05-01 21:00:50: table: wp_posts segment: 1/3
2020-05-01 21:00:50: table: wp_posts segment: 2/3
2020-05-01 21:00:50: table: wp_posts segment: 2/3
2020-05-01 21:00:50: table: wp_posts segment: 3/3
2020-05-01 21:00:50: table: wp_posts segment: 3/3
2020-05-01 21:00:50: table: wp_term_relationships segment: 1/6
2020-05-01 21:00:50: table: wp_term_relationships segment: 1/6
2020-05-01 21:00:50: table: wp_term_relationships segment: 2/6
2020-05-01 21:00:50: table: wp_term_relationships segment: 2/6
2020-05-01 21:00:50: table: wp_term_relationships segment: 3/6
2020-05-01 21:00:50: table: wp_term_relationships segment: 3/6
2020-05-01 21:00:50: table: wp_term_relationships segment: 4/6
2020-05-01 21:00:50: table: wp_term_relationships segment: 4/6
2020-05-01 21:00:50: table: wp_term_relationships segment: 5/6
2020-05-01 21:00:50: table: wp_term_relationships segment: 5/6
2020-05-01 21:00:50: table: wp_term_relationships segment: 6/6
2020-05-01 21:00:50: table: wp_term_relationships segment: 6/6
2020-05-01 21:00:50: table: wp_term_taxonomy segment: 1/2
2020-05-01 21:00:50: table: wp_term_taxonomy segment: 1/2
2020-05-01 21:00:50: table: wp_term_taxonomy segment: 2/2
2020-05-01 21:00:50: table: wp_term_taxonomy segment: 2/2
2020-05-01 21:00:50: table: wp_termmeta segment: 1/1
2020-05-01 21:00:50: table: wp_termmeta segment: 1/1
2020-05-01 21:00:50: table: wp_terms segment: 1/2
2020-05-01 21:00:50: table: wp_terms segment: 1/2
2020-05-01 21:00:51: table: wp_terms segment: 2/2
2020-05-01 21:00:51: table: wp_terms segment: 2/2
2020-05-01 21:00:51: table: wp_usermeta segment: 1/1
2020-05-01 21:00:51: table: wp_usermeta segment: 1/1
2020-05-01 21:00:51: table: wp_users segment: 1/1
2020-05-01 21:00:51: table: wp_users segment: 1/1
2020-05-01 21:00:51: table: wp_2_commentmeta segment: 1/1
2020-05-01 21:00:51: table: wp_2_commentmeta segment: 1/1
2020-05-01 21:00:51: table: wp_2_comments segment: 1/1
2020-05-01 21:00:51: table: wp_2_comments segment: 1/1
2020-05-01 21:00:51: table: wp_2_links segment: 1/1
2020-05-01 21:00:51: table: wp_2_links segment: 1/1
2020-05-01 21:00:51: table: wp_2_options segment: 1/1
2020-05-01 21:00:51: table: wp_2_options segment: 1/1
2020-05-01 21:00:51: table: wp_2_postmeta segment: 1/1
2020-05-01 21:00:51: table: wp_2_postmeta segment: 1/1
2020-05-01 21:00:51: table: wp_2_posts segment: 1/1
2020-05-01 21:00:51: table: wp_2_posts segment: 1/1
2020-05-01 21:00:51: table: wp_2_term_relationships segment: 1/1
2020-05-01 21:00:51: table: wp_2_term_relationships segment: 1/1
2020-05-01 21:00:51: table: wp_2_term_taxonomy segment: 1/1
2020-05-01 21:00:51: table: wp_2_term_taxonomy segment: 1/1
2020-05-01 21:00:51: table: wp_2_termmeta segment: 1/1
2020-05-01 21:00:51: table: wp_2_termmeta segment: 1/1
2020-05-01 21:00:51: table: wp_2_terms segment: 1/1
2020-05-01 21:00:51: table: wp_2_terms segment: 1/1
2020-05-01 21:00:51: table: wp_blog_versions segment: 1/1
2020-05-01 21:00:51: table: wp_blog_versions segment: 1/1
2020-05-01 21:00:51: table: wp_blogs segment: 1/1
2020-05-01 21:00:51: table: wp_blogs segment: 1/1
2020-05-01 21:00:51: table: wp_mailerlite_forms segment: 1/1
2020-05-01 21:00:51: table: wp_mailerlite_forms segment: 1/1
2020-05-01 21:00:51: table: wp_maxbuttons_collections segment: 1/1
2020-05-01 21:00:51: table: wp_maxbuttons_collections segment: 1/1
2020-05-01 21:00:51: table: wp_maxbuttons_collections_trans segment: 1/1
2020-05-01 21:00:51: table: wp_maxbuttons_collections_trans segment: 1/1
2020-05-01 21:00:51: table: wp_maxbuttonsv3 segment: 1/1
2020-05-01 21:00:51: table: wp_maxbuttonsv3 segment: 1/1
2020-05-01 21:00:51: table: wp_metaseo_images segment: 1/1
2020-05-01 21:00:51: table: wp_metaseo_images segment: 1/1
2020-05-01 21:00:51: table: wp_pmxe_exports segment: 1/1
2020-05-01 21:00:51: table: wp_pmxe_exports segment: 1/1
2020-05-01 21:00:51: table: wp_pmxe_google_cats segment: 1/6
2020-05-01 21:00:51: table: wp_pmxe_google_cats segment: 1/6
2020-05-01 21:00:51: table: wp_pmxe_google_cats segment: 2/6
2020-05-01 21:00:51: table: wp_pmxe_google_cats segment: 2/6
2020-05-01 21:00:51: table: wp_pmxe_google_cats segment: 3/6
2020-05-01 21:00:51: table: wp_pmxe_google_cats segment: 3/6
2020-05-01 21:00:51: table: wp_pmxe_google_cats segment: 4/6
2020-05-01 21:00:51: table: wp_pmxe_google_cats segment: 4/6
2020-05-01 21:00:51: table: wp_pmxe_google_cats segment: 5/6
2020-05-01 21:00:51: table: wp_pmxe_google_cats segment: 5/6
2020-05-01 21:00:51: table: wp_pmxe_google_cats segment: 6/6
2020-05-01 21:00:51: table: wp_pmxe_google_cats segment: 6/6
2020-05-01 21:00:51: table: wp_pmxe_posts segment: 1/2
2020-05-01 21:00:51: table: wp_pmxe_posts segment: 1/2
2020-05-01 21:00:51: table: wp_pmxe_posts segment: 2/2
2020-05-01 21:00:51: table: wp_pmxe_posts segment: 2/2
2020-05-01 21:00:51: table: wp_pmxe_templates segment: 1/1
2020-05-01 21:00:51: table: wp_pmxe_templates segment: 1/1
2020-05-01 21:00:51: table: wp_registration_log segment: 1/1
2020-05-01 21:00:51: table: wp_registration_log segment: 1/1
2020-05-01 21:00:51: table: wp_signups segment: 1/1
2020-05-01 21:00:51: table: wp_signups segment: 1/1
2020-05-01 21:00:51: table: wp_site segment: 1/1
2020-05-01 21:00:51: table: wp_site segment: 1/1
2020-05-01 21:00:51: table: wp_sitemeta segment: 1/1
2020-05-01 21:00:51: table: wp_sitemeta segment: 1/1
2020-05-01 21:00:51: table: wp_smush_dir_images segment: 1/1
2020-05-01 21:00:51: table: wp_smush_dir_images segment: 1/1
2020-05-01 21:00:51: table: wp_wpms_links segment: 1/3
2020-05-01 21:00:51: table: wp_wpms_links segment: 1/3
2020-05-01 21:00:51: table: wp_wpms_links segment: 2/3
2020-05-01 21:00:51: table: wp_wpms_links segment: 2/3
2020-05-01 21:00:51: table: wp_wpms_links segment: 3/3
2020-05-01 21:00:51: table: wp_wpms_links segment: 3/3
2020-05-01 21:00:51: file: non selected
2020-05-01 21:00:51: backupZipFolder[]
2020-05-01 21:00:51: rename: backupZipFile[/var/www/adlibrum.hu/html/wp-content/uploads/snapshots/_backup/1463642790/snapshot-backup.zip] backupZipFileFinal[/var/www/adlibrum.hu/html/wp-content/uploads/snapshots/snapshot-1463642790-200501-200047-c1a1149e.zip]
2020-05-01 21:00:51: memory limit: 256M: memory usage current: 20,00 MB: memory usage peak: 22,00 MB
2020-05-01 21:00:51: finish: snapshot-1463642790-200501-200047-c1a1149e.zip
2020-05-01 21:00:51: archive cleanup: max archive:20 number of archives: 21
2020-05-01 21:00:51: archive cleanup: DEBUG :/var/www/adlibrum.hu/html/wp-content/uploads/snapshots
2020-05-01 21:00:51: DEBUG: backupFile=[/var/www/adlibrum.hu/html/wp-content/uploads/snapshots/snapshot-1463642790-200421-200055-6ad30dbb.zip]
2020-05-01 21:00:51: archive cleanup: filename: wp-content/uploads/snapshots/snapshot-1463642790-200421-200055-6ad30dbb.zip removed
2020-05-01 21:00:51: Sending Archive: snapshot-1463642790-200501-200047-c1a1149e.zip 2,21 MB
2020-05-01 21:00:51: Destination: google-drive: Shared Archív/adlibrum.hu backup
2020-05-01 21:00:51: Connecting to Google Drive
2020-05-01 21:00:51: Sending file to directory: 0B05oL9lXnnKxUXRVMi1rbWhhRmM
2020-05-01 21:00:52: progeess: 45.15%
2020-05-01 21:00:52: progeess: 90.30%
2020-05-01 21:00:55: progeess: 100.00%
2020-05-01 21:00:55: Send file success: snapshot-1463642790-200501-200047-c1a1149e.zip
2020-05-01 21:00:55: Google Drive File ID[1miXChZ5CpgLA88R71LA4O_13eZFitgCY] Link: https://www.googleapis.com/drive/v2/files/1miXChZ5CpgLA88R71LA4O_13eZFitgCY
