2020-05-02 09:00:25: init
2020-05-02 09:00:25: table: wp_commentmeta segment: 1/1
2020-05-02 09:00:25: table: wp_commentmeta segment: 1/1
2020-05-02 09:00:25: table: wp_comments segment: 1/1
2020-05-02 09:00:25: table: wp_comments segment: 1/1
2020-05-02 09:00:25: table: wp_links segment: 1/1
2020-05-02 09:00:25: table: wp_links segment: 1/1
2020-05-02 09:00:25: table: wp_options segment: 1/1
2020-05-02 09:00:25: table: wp_options segment: 1/1
2020-05-02 09:00:27: table: wp_postmeta segment: 1/11
2020-05-02 09:00:27: table: wp_postmeta segment: 1/11
2020-05-02 09:00:27: table: wp_postmeta segment: 2/11
2020-05-02 09:00:27: table: wp_postmeta segment: 2/11
2020-05-02 09:00:27: table: wp_postmeta segment: 3/11
2020-05-02 09:00:27: table: wp_postmeta segment: 3/11
2020-05-02 09:00:27: table: wp_postmeta segment: 4/11
2020-05-02 09:00:27: table: wp_postmeta segment: 4/11
2020-05-02 09:00:27: table: wp_postmeta segment: 5/11
2020-05-02 09:00:27: table: wp_postmeta segment: 5/11
2020-05-02 09:00:27: table: wp_postmeta segment: 6/11
2020-05-02 09:00:27: table: wp_postmeta segment: 6/11
2020-05-02 09:00:27: table: wp_postmeta segment: 7/11
2020-05-02 09:00:27: table: wp_postmeta segment: 7/11
2020-05-02 09:00:27: table: wp_postmeta segment: 8/11
2020-05-02 09:00:27: table: wp_postmeta segment: 8/11
2020-05-02 09:00:27: table: wp_postmeta segment: 9/11
2020-05-02 09:00:27: table: wp_postmeta segment: 9/11
2020-05-02 09:00:27: table: wp_postmeta segment: 10/11
2020-05-02 09:00:27: table: wp_postmeta segment: 10/11
2020-05-02 09:00:27: table: wp_postmeta segment: 11/11
2020-05-02 09:00:27: table: wp_postmeta segment: 11/11
2020-05-02 09:00:27: table: wp_posts segment: 1/3
2020-05-02 09:00:27: table: wp_posts segment: 1/3
2020-05-02 09:00:27: table: wp_posts segment: 2/3
2020-05-02 09:00:27: table: wp_posts segment: 2/3
2020-05-02 09:00:27: table: wp_posts segment: 3/3
2020-05-02 09:00:27: table: wp_posts segment: 3/3
2020-05-02 09:00:28: table: wp_term_relationships segment: 1/6
2020-05-02 09:00:28: table: wp_term_relationships segment: 1/6
2020-05-02 09:00:28: table: wp_term_relationships segment: 2/6
2020-05-02 09:00:28: table: wp_term_relationships segment: 2/6
2020-05-02 09:00:28: table: wp_term_relationships segment: 3/6
2020-05-02 09:00:28: table: wp_term_relationships segment: 3/6
2020-05-02 09:00:28: table: wp_term_relationships segment: 4/6
2020-05-02 09:00:28: table: wp_term_relationships segment: 4/6
2020-05-02 09:00:28: table: wp_term_relationships segment: 5/6
2020-05-02 09:00:28: table: wp_term_relationships segment: 5/6
2020-05-02 09:00:28: table: wp_term_relationships segment: 6/6
2020-05-02 09:00:28: table: wp_term_relationships segment: 6/6
2020-05-02 09:00:28: table: wp_term_taxonomy segment: 1/2
2020-05-02 09:00:28: table: wp_term_taxonomy segment: 1/2
2020-05-02 09:00:28: table: wp_term_taxonomy segment: 2/2
2020-05-02 09:00:28: table: wp_term_taxonomy segment: 2/2
2020-05-02 09:00:28: table: wp_termmeta segment: 1/1
2020-05-02 09:00:28: table: wp_termmeta segment: 1/1
2020-05-02 09:00:28: table: wp_terms segment: 1/2
2020-05-02 09:00:28: table: wp_terms segment: 1/2
2020-05-02 09:00:28: table: wp_terms segment: 2/2
2020-05-02 09:00:28: table: wp_terms segment: 2/2
2020-05-02 09:00:28: table: wp_usermeta segment: 1/1
2020-05-02 09:00:28: table: wp_usermeta segment: 1/1
2020-05-02 09:00:28: table: wp_users segment: 1/1
2020-05-02 09:00:28: table: wp_users segment: 1/1
2020-05-02 09:00:28: table: wp_2_commentmeta segment: 1/1
2020-05-02 09:00:28: table: wp_2_commentmeta segment: 1/1
2020-05-02 09:00:28: table: wp_2_comments segment: 1/1
2020-05-02 09:00:28: table: wp_2_comments segment: 1/1
2020-05-02 09:00:28: table: wp_2_links segment: 1/1
2020-05-02 09:00:28: table: wp_2_links segment: 1/1
2020-05-02 09:00:28: table: wp_2_options segment: 1/1
2020-05-02 09:00:28: table: wp_2_options segment: 1/1
2020-05-02 09:00:28: table: wp_2_postmeta segment: 1/1
2020-05-02 09:00:28: table: wp_2_postmeta segment: 1/1
2020-05-02 09:00:28: table: wp_2_posts segment: 1/1
2020-05-02 09:00:28: table: wp_2_posts segment: 1/1
2020-05-02 09:00:28: table: wp_2_term_relationships segment: 1/1
2020-05-02 09:00:28: table: wp_2_term_relationships segment: 1/1
2020-05-02 09:00:28: table: wp_2_term_taxonomy segment: 1/1
2020-05-02 09:00:28: table: wp_2_term_taxonomy segment: 1/1
2020-05-02 09:00:28: table: wp_2_termmeta segment: 1/1
2020-05-02 09:00:28: table: wp_2_termmeta segment: 1/1
2020-05-02 09:00:28: table: wp_2_terms segment: 1/1
2020-05-02 09:00:28: table: wp_2_terms segment: 1/1
2020-05-02 09:00:28: table: wp_blog_versions segment: 1/1
2020-05-02 09:00:28: table: wp_blog_versions segment: 1/1
2020-05-02 09:00:28: table: wp_blogs segment: 1/1
2020-05-02 09:00:28: table: wp_blogs segment: 1/1
2020-05-02 09:00:28: table: wp_mailerlite_forms segment: 1/1
2020-05-02 09:00:28: table: wp_mailerlite_forms segment: 1/1
2020-05-02 09:00:28: table: wp_maxbuttons_collections segment: 1/1
2020-05-02 09:00:28: table: wp_maxbuttons_collections segment: 1/1
2020-05-02 09:00:28: table: wp_maxbuttons_collections_trans segment: 1/1
2020-05-02 09:00:28: table: wp_maxbuttons_collections_trans segment: 1/1
2020-05-02 09:00:28: table: wp_maxbuttonsv3 segment: 1/1
2020-05-02 09:00:28: table: wp_maxbuttonsv3 segment: 1/1
2020-05-02 09:00:28: table: wp_metaseo_images segment: 1/1
2020-05-02 09:00:28: table: wp_metaseo_images segment: 1/1
2020-05-02 09:00:28: table: wp_pmxe_exports segment: 1/1
2020-05-02 09:00:28: table: wp_pmxe_exports segment: 1/1
2020-05-02 09:00:28: table: wp_pmxe_google_cats segment: 1/6
2020-05-02 09:00:28: table: wp_pmxe_google_cats segment: 1/6
2020-05-02 09:00:28: table: wp_pmxe_google_cats segment: 2/6
2020-05-02 09:00:28: table: wp_pmxe_google_cats segment: 2/6
2020-05-02 09:00:28: table: wp_pmxe_google_cats segment: 3/6
2020-05-02 09:00:28: table: wp_pmxe_google_cats segment: 3/6
2020-05-02 09:00:28: table: wp_pmxe_google_cats segment: 4/6
2020-05-02 09:00:28: table: wp_pmxe_google_cats segment: 4/6
2020-05-02 09:00:28: table: wp_pmxe_google_cats segment: 5/6
2020-05-02 09:00:28: table: wp_pmxe_google_cats segment: 5/6
2020-05-02 09:00:28: table: wp_pmxe_google_cats segment: 6/6
2020-05-02 09:00:28: table: wp_pmxe_google_cats segment: 6/6
2020-05-02 09:00:28: table: wp_pmxe_posts segment: 1/2
2020-05-02 09:00:28: table: wp_pmxe_posts segment: 1/2
2020-05-02 09:00:28: table: wp_pmxe_posts segment: 2/2
2020-05-02 09:00:28: table: wp_pmxe_posts segment: 2/2
2020-05-02 09:00:28: table: wp_pmxe_templates segment: 1/1
2020-05-02 09:00:28: table: wp_pmxe_templates segment: 1/1
2020-05-02 09:00:28: table: wp_registration_log segment: 1/1
2020-05-02 09:00:28: table: wp_registration_log segment: 1/1
2020-05-02 09:00:28: table: wp_signups segment: 1/1
2020-05-02 09:00:28: table: wp_signups segment: 1/1
2020-05-02 09:00:28: table: wp_site segment: 1/1
2020-05-02 09:00:28: table: wp_site segment: 1/1
2020-05-02 09:00:28: table: wp_sitemeta segment: 1/1
2020-05-02 09:00:28: table: wp_sitemeta segment: 1/1
2020-05-02 09:00:28: table: wp_smush_dir_images segment: 1/1
2020-05-02 09:00:28: table: wp_smush_dir_images segment: 1/1
2020-05-02 09:00:28: table: wp_wpms_links segment: 1/3
2020-05-02 09:00:28: table: wp_wpms_links segment: 1/3
2020-05-02 09:00:28: table: wp_wpms_links segment: 2/3
2020-05-02 09:00:28: table: wp_wpms_links segment: 2/3
2020-05-02 09:00:28: table: wp_wpms_links segment: 3/3
2020-05-02 09:00:28: table: wp_wpms_links segment: 3/3
2020-05-02 09:00:28: file: non selected
2020-05-02 09:00:29: backupZipFolder[]
2020-05-02 09:00:29: rename: backupZipFile[/var/www/adlibrum.hu/html/wp-content/uploads/snapshots/_backup/1463642790/snapshot-backup.zip] backupZipFileFinal[/var/www/adlibrum.hu/html/wp-content/uploads/snapshots/snapshot-1463642790-200502-080025-4f5c6a55.zip]
2020-05-02 09:00:29: memory limit: 256M: memory usage current: 38,00 MB: memory usage peak: 40,00 MB
2020-05-02 09:00:29: finish: snapshot-1463642790-200502-080025-4f5c6a55.zip
2020-05-02 09:00:29: archive cleanup: max archive:20 number of archives: 21
2020-05-02 09:00:29: archive cleanup: DEBUG :/var/www/adlibrum.hu/html/wp-content/uploads/snapshots
2020-05-02 09:00:29: DEBUG: backupFile=[/var/www/adlibrum.hu/html/wp-content/uploads/snapshots/snapshot-1463642790-200422-080026-51feb9b8.zip]
2020-05-02 09:00:29: archive cleanup: filename: wp-content/uploads/snapshots/snapshot-1463642790-200422-080026-51feb9b8.zip removed
2020-05-02 09:00:29: Sending Archive: snapshot-1463642790-200502-080025-4f5c6a55.zip 2,22 MB
2020-05-02 09:00:29: Destination: google-drive: Shared Archív/adlibrum.hu backup
2020-05-02 09:00:29: Connecting to Google Drive
2020-05-02 09:00:29: Sending file to directory: 0B05oL9lXnnKxUXRVMi1rbWhhRmM
2020-05-02 09:00:29: progeess: 45.03%
2020-05-02 09:00:30: progeess: 90.06%
2020-05-02 09:00:31: progeess: 100.00%
2020-05-02 09:00:31: Send file success: snapshot-1463642790-200502-080025-4f5c6a55.zip
2020-05-02 09:00:31: Google Drive File ID[1WqhZoRo4rgff_zh_Nx_u3mE7eay_YF42] Link: https://www.googleapis.com/drive/v2/files/1WqhZoRo4rgff_zh_Nx_u3mE7eay_YF42
