2020-03-31 06:05:45: init
2020-03-31 06:05:46: table: wp_commentmeta segment: 1/1
2020-03-31 06:05:46: table: wp_commentmeta segment: 1/1
2020-03-31 06:05:46: table: wp_comments segment: 1/1
2020-03-31 06:05:46: table: wp_comments segment: 1/1
2020-03-31 06:05:46: table: wp_links segment: 1/1
2020-03-31 06:05:46: table: wp_links segment: 1/1
2020-03-31 06:05:46: table: wp_options segment: 1/1
2020-03-31 06:05:46: table: wp_options segment: 1/1
2020-03-31 06:05:48: table: wp_postmeta segment: 1/11
2020-03-31 06:05:48: table: wp_postmeta segment: 1/11
2020-03-31 06:05:48: table: wp_postmeta segment: 2/11
2020-03-31 06:05:48: table: wp_postmeta segment: 2/11
2020-03-31 06:05:48: table: wp_postmeta segment: 3/11
2020-03-31 06:05:48: table: wp_postmeta segment: 3/11
2020-03-31 06:05:48: table: wp_postmeta segment: 4/11
2020-03-31 06:05:48: table: wp_postmeta segment: 4/11
2020-03-31 06:05:48: table: wp_postmeta segment: 5/11
2020-03-31 06:05:48: table: wp_postmeta segment: 5/11
2020-03-31 06:05:48: table: wp_postmeta segment: 6/11
2020-03-31 06:05:48: table: wp_postmeta segment: 6/11
2020-03-31 06:05:48: table: wp_postmeta segment: 7/11
2020-03-31 06:05:48: table: wp_postmeta segment: 7/11
2020-03-31 06:05:48: table: wp_postmeta segment: 8/11
2020-03-31 06:05:48: table: wp_postmeta segment: 8/11
2020-03-31 06:05:49: table: wp_postmeta segment: 9/11
2020-03-31 06:05:49: table: wp_postmeta segment: 9/11
2020-03-31 06:05:49: table: wp_postmeta segment: 10/11
2020-03-31 06:05:49: table: wp_postmeta segment: 10/11
2020-03-31 06:05:49: table: wp_postmeta segment: 11/11
2020-03-31 06:05:49: table: wp_postmeta segment: 11/11
2020-03-31 06:05:49: table: wp_posts segment: 1/3
2020-03-31 06:05:49: table: wp_posts segment: 1/3
2020-03-31 06:05:49: table: wp_posts segment: 2/3
2020-03-31 06:05:49: table: wp_posts segment: 2/3
2020-03-31 06:05:49: table: wp_posts segment: 3/3
2020-03-31 06:05:49: table: wp_posts segment: 3/3
2020-03-31 06:05:49: table: wp_term_relationships segment: 1/6
2020-03-31 06:05:49: table: wp_term_relationships segment: 1/6
2020-03-31 06:05:49: table: wp_term_relationships segment: 2/6
2020-03-31 06:05:49: table: wp_term_relationships segment: 2/6
2020-03-31 06:05:49: table: wp_term_relationships segment: 3/6
2020-03-31 06:05:49: table: wp_term_relationships segment: 3/6
2020-03-31 06:05:49: table: wp_term_relationships segment: 4/6
2020-03-31 06:05:49: table: wp_term_relationships segment: 4/6
2020-03-31 06:05:49: table: wp_term_relationships segment: 5/6
2020-03-31 06:05:49: table: wp_term_relationships segment: 5/6
2020-03-31 06:05:49: table: wp_term_relationships segment: 6/6
2020-03-31 06:05:49: table: wp_term_relationships segment: 6/6
2020-03-31 06:05:49: table: wp_term_taxonomy segment: 1/2
2020-03-31 06:05:49: table: wp_term_taxonomy segment: 1/2
2020-03-31 06:05:49: table: wp_term_taxonomy segment: 2/2
2020-03-31 06:05:49: table: wp_term_taxonomy segment: 2/2
2020-03-31 06:05:49: table: wp_termmeta segment: 1/1
2020-03-31 06:05:49: table: wp_termmeta segment: 1/1
2020-03-31 06:05:49: table: wp_terms segment: 1/2
2020-03-31 06:05:49: table: wp_terms segment: 1/2
2020-03-31 06:05:49: table: wp_terms segment: 2/2
2020-03-31 06:05:49: table: wp_terms segment: 2/2
2020-03-31 06:05:49: table: wp_usermeta segment: 1/1
2020-03-31 06:05:49: table: wp_usermeta segment: 1/1
2020-03-31 06:05:49: table: wp_users segment: 1/1
2020-03-31 06:05:49: table: wp_users segment: 1/1
2020-03-31 06:05:50: table: wp_2_commentmeta segment: 1/1
2020-03-31 06:05:50: table: wp_2_commentmeta segment: 1/1
2020-03-31 06:05:50: table: wp_2_comments segment: 1/1
2020-03-31 06:05:50: table: wp_2_comments segment: 1/1
2020-03-31 06:05:50: table: wp_2_links segment: 1/1
2020-03-31 06:05:50: table: wp_2_links segment: 1/1
2020-03-31 06:05:50: table: wp_2_options segment: 1/1
2020-03-31 06:05:50: table: wp_2_options segment: 1/1
2020-03-31 06:05:50: table: wp_2_postmeta segment: 1/1
2020-03-31 06:05:50: table: wp_2_postmeta segment: 1/1
2020-03-31 06:05:50: table: wp_2_posts segment: 1/1
2020-03-31 06:05:50: table: wp_2_posts segment: 1/1
2020-03-31 06:05:50: table: wp_2_term_relationships segment: 1/1
2020-03-31 06:05:50: table: wp_2_term_relationships segment: 1/1
2020-03-31 06:05:50: table: wp_2_term_taxonomy segment: 1/1
2020-03-31 06:05:50: table: wp_2_term_taxonomy segment: 1/1
2020-03-31 06:05:50: table: wp_2_termmeta segment: 1/1
2020-03-31 06:05:50: table: wp_2_termmeta segment: 1/1
2020-03-31 06:05:50: table: wp_2_terms segment: 1/1
2020-03-31 06:05:50: table: wp_2_terms segment: 1/1
2020-03-31 06:05:50: table: wp_blog_versions segment: 1/1
2020-03-31 06:05:50: table: wp_blog_versions segment: 1/1
2020-03-31 06:05:50: table: wp_blogs segment: 1/1
2020-03-31 06:05:50: table: wp_blogs segment: 1/1
2020-03-31 06:05:50: table: wp_mailerlite_forms segment: 1/1
2020-03-31 06:05:50: table: wp_mailerlite_forms segment: 1/1
2020-03-31 06:05:50: table: wp_maxbuttons_collections segment: 1/1
2020-03-31 06:05:50: table: wp_maxbuttons_collections segment: 1/1
2020-03-31 06:05:50: table: wp_maxbuttons_collections_trans segment: 1/1
2020-03-31 06:05:50: table: wp_maxbuttons_collections_trans segment: 1/1
2020-03-31 06:05:50: table: wp_maxbuttonsv3 segment: 1/1
2020-03-31 06:05:50: table: wp_maxbuttonsv3 segment: 1/1
2020-03-31 06:05:50: table: wp_metaseo_images segment: 1/1
2020-03-31 06:05:50: table: wp_metaseo_images segment: 1/1
2020-03-31 06:05:50: table: wp_pmxe_exports segment: 1/1
2020-03-31 06:05:50: table: wp_pmxe_exports segment: 1/1
2020-03-31 06:05:50: table: wp_pmxe_google_cats segment: 1/6
2020-03-31 06:05:50: table: wp_pmxe_google_cats segment: 1/6
2020-03-31 06:05:50: table: wp_pmxe_google_cats segment: 2/6
2020-03-31 06:05:50: table: wp_pmxe_google_cats segment: 2/6
2020-03-31 06:05:50: table: wp_pmxe_google_cats segment: 3/6
2020-03-31 06:05:50: table: wp_pmxe_google_cats segment: 3/6
2020-03-31 06:05:50: table: wp_pmxe_google_cats segment: 4/6
2020-03-31 06:05:50: table: wp_pmxe_google_cats segment: 4/6
2020-03-31 06:05:50: table: wp_pmxe_google_cats segment: 5/6
2020-03-31 06:05:50: table: wp_pmxe_google_cats segment: 5/6
2020-03-31 06:05:50: table: wp_pmxe_google_cats segment: 6/6
2020-03-31 06:05:50: table: wp_pmxe_google_cats segment: 6/6
2020-03-31 06:05:50: table: wp_pmxe_posts segment: 1/2
2020-03-31 06:05:50: table: wp_pmxe_posts segment: 1/2
2020-03-31 06:05:50: table: wp_pmxe_posts segment: 2/2
2020-03-31 06:05:50: table: wp_pmxe_posts segment: 2/2
2020-03-31 06:05:50: table: wp_pmxe_templates segment: 1/1
2020-03-31 06:05:50: table: wp_pmxe_templates segment: 1/1
2020-03-31 06:05:50: table: wp_registration_log segment: 1/1
2020-03-31 06:05:50: table: wp_registration_log segment: 1/1
2020-03-31 06:05:50: table: wp_signups segment: 1/1
2020-03-31 06:05:50: table: wp_signups segment: 1/1
2020-03-31 06:05:50: table: wp_site segment: 1/1
2020-03-31 06:05:50: table: wp_site segment: 1/1
2020-03-31 06:05:50: table: wp_sitemeta segment: 1/1
2020-03-31 06:05:50: table: wp_sitemeta segment: 1/1
2020-03-31 06:05:50: table: wp_smush_dir_images segment: 1/1
2020-03-31 06:05:50: table: wp_smush_dir_images segment: 1/1
2020-03-31 06:05:50: table: wp_wpms_links segment: 1/3
2020-03-31 06:05:50: table: wp_wpms_links segment: 1/3
2020-03-31 06:05:50: table: wp_wpms_links segment: 2/3
2020-03-31 06:05:50: table: wp_wpms_links segment: 2/3
2020-03-31 06:05:50: table: wp_wpms_links segment: 3/3
2020-03-31 06:05:50: table: wp_wpms_links segment: 3/3
